04/03/2023 11:51:37	This log contains information about the import schema operation into project 'Db_CI-CD' on computer 'HAYRI-LAPTOP' by user 'hozl'.
04/03/2023 11:51:37	Import of database schema has started.
04/03/2023 11:51:43	Gathering database credentials
04/03/2023 11:51:43	Gathering database options
04/03/2023 11:51:43	Gathering generic database scoped configuration option
04/03/2023 11:51:43	Gathering users
04/03/2023 11:51:43	Gathering roles
04/03/2023 11:51:43	Gathering application roles
04/03/2023 11:51:43	Gathering role memberships
04/03/2023 11:51:43	Gathering filegroups
04/03/2023 11:51:43	Gathering full-text catalogs
04/03/2023 11:51:43	Gathering assemblies
04/03/2023 11:51:43	Gathering certificates
04/03/2023 11:51:43	Gathering asymmetric keys
04/03/2023 11:51:43	Gathering symmetric keys
04/03/2023 11:51:43	Gathering encrypted symmetric keys
04/03/2023 11:51:43	Gathering schemas
04/03/2023 11:51:43	Gathering XML schema collections
04/03/2023 11:51:43	Gathering user-defined data types
04/03/2023 11:51:43	Gathering user-defined types
04/03/2023 11:51:43	Gathering table types
04/03/2023 11:51:43	Gathering unique keys for table types
04/03/2023 11:51:43	Gathering primary keys for table types
04/03/2023 11:51:43	Gathering indexes for table types
04/03/2023 11:51:43	Gathering check constraints for table types
04/03/2023 11:51:43	Gathering default constraints for table types
04/03/2023 11:51:43	Gathering partition functions
04/03/2023 11:51:43	Gathering partition schemes
04/03/2023 11:51:43	Gathering functions
04/03/2023 11:51:43	Gathering encrypted functions
04/03/2023 11:51:43	Gathering aggregates
04/03/2023 11:51:43	Gathering procedures
04/03/2023 11:51:43	Gathering encrypted procedures
04/03/2023 11:51:43	Gathering tables
04/03/2023 11:51:43	Gathering primary keys
04/03/2023 11:51:43	Gathering unique constraints
04/03/2023 11:51:43	Gathering foreign keys
04/03/2023 11:51:43	Gathering default constraints
04/03/2023 11:51:43	Gathering check constraints
04/03/2023 11:51:43	Gathering views
04/03/2023 11:51:43	Gathering encrypted views
04/03/2023 11:51:43	Gathering indexes
04/03/2023 11:51:43	Gathering statistics
04/03/2023 11:51:43	Gathering full-text index stoplists
04/03/2023 11:51:43	Gathering search property lists
04/03/2023 11:51:43	Gathering search properties
04/03/2023 11:51:43	Gathering full-text indexes
04/03/2023 11:51:43	Gathering column store indexes
04/03/2023 11:51:43	Gathering spatial indexes
04/03/2023 11:51:43	Gathering XML indexes
04/03/2023 11:51:43	Gathering Selective XML indexes
04/03/2023 11:51:43	Gathering encrypted triggers
04/03/2023 11:51:43	Gathering triggers
04/03/2023 11:51:43	Gathering encrypted and clr ddl triggers
04/03/2023 11:51:43	Gathering ddl triggers
04/03/2023 11:51:43	Creating edge constraints
04/03/2023 11:51:43	Gathering synonyms
04/03/2023 11:51:43	Gathering defaults
04/03/2023 11:51:43	Gathering data constraint uddt bindings
04/03/2023 11:51:43	Gathering rules
04/03/2023 11:51:43	Gathering data constraint uddt bindings
04/03/2023 11:51:43	Gathering message types
04/03/2023 11:51:43	Gathering queues
04/03/2023 11:51:43	Gathering contracts
04/03/2023 11:51:43	Gathering services
04/03/2023 11:51:43	Gathering event notifications
04/03/2023 11:51:43	Gathering remote service bindings
04/03/2023 11:51:43	Gathering broker priorities
04/03/2023 11:51:43	Gathering signatures
04/03/2023 11:51:43	Gathering compression options
04/03/2023 11:51:43	Gathering sequence types
04/03/2023 11:51:43	Gathering security policies
04/03/2023 11:51:43	Gather column encryption keys
04/03/2023 11:51:43	Gathering column master keys
04/03/2023 11:51:43	Gathering external data sources
04/03/2023 11:51:43	Gathering external file formats
04/03/2023 11:51:43	Gathering external tables
04/03/2023 11:51:43	Gathering XML index compression options
04/03/2023 11:51:43	Gathering database permissions
04/03/2023 11:51:43	Gathering extended properties
04/03/2023 11:51:43	Gathering assemblies
04/03/2023 11:51:43	Gathering credentials
04/03/2023 11:51:43	Gathering logins
04/03/2023 11:51:43	Gathering server audits
04/03/2023 11:51:44	Scanning project for duplicate elements
04/03/2023 11:51:49	Finished duplicate element processing
04/03/2023 11:51:50	Finished importing database.
04/03/2023 11:51:50	A summary of the import was saved to the following location: C:\Users\hozl\Documents\SourceCodes\Examples\Db_CI-CD\Db_CI-CD\Import Schema Logs\Db_CI-CD_20230304105137.log
04/03/2023 11:51:50	Click Finish to continue...
